<?xml version="1.0" encoding="UTF-8"?>
<!-- Generated by org.testng.reporters.JUnitReportReporter -->
<testsuite name="TestCases.Regression.SalesForce_TaxCode" tests="4" time="621.623" ignored="0" failures="0" timestamp="22 May 2019 09:20:31 GMT" skipped="0" hostname="Av-Pn-Neha" errors="0">
  <testcase name="TestCase43_MappedDiffTaxCode_1_withMultipleLines" time="180.582" classname="TestCases.Regression.SalesForce_TaxCode"/>
  <testcase name="TestCase42_MappedTaxCode_1_withSingleItemMultipleLines" time="171.784" classname="TestCases.Regression.SalesForce_TaxCode"/>
  <testcase name="TestCase41_Mapped_TaxCode_1" time="127.916" classname="TestCases.Regression.SalesForce_TaxCode"/>
  <testcase name="TestCase40_TaxcodeNT" time="141.341" classname="TestCases.Regression.SalesForce_TaxCode"/>
</testsuite> <!-- TestCases.Regression.SalesForce_TaxCode -->
