<?xml version="1.0" encoding="UTF-8"?>
<!-- Generated by org.testng.reporters.JUnitReportReporter -->
<testsuite hostname="AV-7NV8BC3" failures="0" tests="9" name="TestCases.Regression.Tax_Override" time="1272.788" errors="0" timestamp="2022-06-03T13:49:51 IST" skipped="0">
  <testcase classname="TestCases.Regression.Tax_Override" name="testCaseC1598160_SalesTaxAmountOverride_Opportunity" time="178.209"/>
  <system-out/>
  <testcase classname="TestCases.Regression.Tax_Override" name="testCaseC1599617_SalesTaxAmountOverride_Quotes" time="238.204"/>
  <system-out/>
  <testcase classname="TestCases.Regression.Tax_Override" name="testCaseC1600120_SalesTaxAmountOverride_Orders" time="112.704"/>
  <system-out/>
  <testcase classname="TestCases.Regression.Tax_Override" name="testCaseC1598163_TaxOverrideDisabledAtLine_Opportunity" time="123.037"/>
  <system-out/>
  <testcase classname="TestCases.Regression.Tax_Override" name="testCaseC1599620_TaxOverrideDisabledAtLine_Quotes" time="144.165"/>
  <system-out/>
  <testcase classname="TestCases.Regression.Tax_Override" name="testCaseC1600152_TaxOverrideDisabledAtLine_Orders" time="108.810"/>
  <system-out/>
  <testcase classname="TestCases.Regression.Tax_Override" name="testCaseC1598164_TaxOverrideDisabledAtConfig_Opportunity" time="125.000"/>
  <system-out/>
  <testcase classname="TestCases.Regression.Tax_Override" name="testCaseC1599621_TaxOverrideDisabledAtConfig_Quotes" time="140.561"/>
  <system-out/>
  <testcase classname="TestCases.Regression.Tax_Override" name="testCaseC1600153_TaxOverrideDisabledAtConfig_Orders" time="102.098"/>
  <system-out/>
</testsuite> <!-- TestCases.Regression.Tax_Override -->
