<?xml version="1.0" encoding="UTF-8"?>
<!-- Generated by org.testng.reporters.JUnitReportReporter -->
<testsuite skipped="0" hostname="AV-H8MY0V3" name="TestCases.FunctionalAndRegression.ThirdPartyAddressValidation" tests="4" failures="0" timestamp="2024-01-23T18:36:06 IST" time="740.961" errors="0">
  <testcase name="TestCase162_USAddressValidated" time="185.501" classname="TestCases.FunctionalAndRegression.ThirdPartyAddressValidation"/>
  <system-out/>
  <testcase name="TestCase163_CANAddressValidated" time="158.873" classname="TestCases.FunctionalAndRegression.ThirdPartyAddressValidation"/>
  <system-out/>
  <testcase name="TestCase164_MilitaryAddressValidated" time="171.350" classname="TestCases.FunctionalAndRegression.ThirdPartyAddressValidation"/>
  <system-out/>
  <testcase name="TestCase165_NonUS_NonCANAddress" time="225.237" classname="TestCases.FunctionalAndRegression.ThirdPartyAddressValidation"/>
  <system-out/>
</testsuite> <!-- TestCases.FunctionalAndRegression.ThirdPartyAddressValidation -->
