<?xml version="1.0" encoding="UTF-8"?>
<!-- Generated by org.testng.reporters.JUnitReportReporter -->
<testsuite skipped="0" hostname="AV-H8MY0V3" name="TestCases.FunctionalAndRegression.Tax_Override" tests="9" failures="0" timestamp="2024-01-23T19:14:30 IST" time="1074.539" errors="0">
  <testcase name="testCaseC1598160_SalesTaxAmountOverride_Opportunity" time="139.991" classname="TestCases.FunctionalAndRegression.Tax_Override"/>
  <system-out/>
  <testcase name="testCaseC1599617_SalesTaxAmountOverride_Quotes" time="137.795" classname="TestCases.FunctionalAndRegression.Tax_Override"/>
  <system-out/>
  <testcase name="testCaseC1600120_SalesTaxAmountOverride_Orders" time="97.234" classname="TestCases.FunctionalAndRegression.Tax_Override"/>
  <system-out/>
  <testcase name="testCaseC1598163_TaxOverrideDisabledAtLine_Opportunity" time="114.190" classname="TestCases.FunctionalAndRegression.Tax_Override"/>
  <system-out/>
  <testcase name="testCaseC1599620_TaxOverrideDisabledAtLine_Quotes" time="137.437" classname="TestCases.FunctionalAndRegression.Tax_Override"/>
  <system-out/>
  <testcase name="testCaseC1600152_TaxOverrideDisabledAtLine_Orders" time="100.100" classname="TestCases.FunctionalAndRegression.Tax_Override"/>
  <system-out/>
  <testcase name="testCaseC1598164_TaxOverrideDisabledAtConfig_Opportunity" time="115.582" classname="TestCases.FunctionalAndRegression.Tax_Override"/>
  <system-out/>
  <testcase name="testCaseC1599621_TaxOverrideDisabledAtConfig_Quotes" time="132.526" classname="TestCases.FunctionalAndRegression.Tax_Override"/>
  <system-out/>
  <testcase name="testCaseC1600153_TaxOverrideDisabledAtConfig_Orders" time="99.684" classname="TestCases.FunctionalAndRegression.Tax_Override"/>
  <system-out/>
</testsuite> <!-- TestCases.FunctionalAndRegression.Tax_Override -->
