<?xml version="1.0" encoding="UTF-8"?>
<!-- Generated by org.testng.reporters.JUnitReportReporter -->
<testsuite skipped="0" hostname="AV-PN-NEHAP" name="TestCases.Regression.AddressValidation_MyTestProjecteXAMPLECompanyCodes" tests="5" failures="0" timestamp="25 Oct 2021 16:47:34 GMT" time="421.464" errors="0">
  <testcase name="TestCase1" time="73.978" classname="TestCases.Regression.AddressValidation_MyTestProjecteXAMPLECompanyCodes"/>
  <testcase name="TestCase2" time="88.189" classname="TestCases.Regression.AddressValidation_MyTestProjecteXAMPLECompanyCodes"/>
  <testcase name="TestCase3" time="85.398" classname="TestCases.Regression.AddressValidation_MyTestProjecteXAMPLECompanyCodes"/>
  <testcase name="TestCase4" time="86.055" classname="TestCases.Regression.AddressValidation_MyTestProjecteXAMPLECompanyCodes"/>
  <testcase name="TestCase5" time="87.844" classname="TestCases.Regression.AddressValidation_MyTestProjecteXAMPLECompanyCodes"/>
</testsuite> <!-- TestCases.Regression.AddressValidation_MyTestProjecteXAMPLECompanyCodes -->
