<?xml version="1.0" encoding="UTF-8"?>
<!-- Generated by org.testng.reporters.JUnitReportReporter -->
<testsuite skipped="0" hostname="AV-PN-NEHAP" name="TestCases.Regression.ErrorMessageDisplayed" tests="3" failures="0" timestamp="25 Oct 2021 11:22:57 GMT" time="481.805" errors="0">
  <testcase name="TestCase80_EnableTaxCalc_WithInvalidShipToAddressOpportunities" time="99.816" classname="TestCases.Regression.ErrorMessageDisplayed"/>
  <testcase name="TestCase81_EnableTaxCalc_WithInvalidShipToAddressQuotes" time="168.968" classname="TestCases.Regression.ErrorMessageDisplayed"/>
  <testcase name="TestCase82_EnableTaxCalc_WithInvalidShipToAddressOrders" time="213.021" classname="TestCases.Regression.ErrorMessageDisplayed"/>
</testsuite> <!-- TestCases.Regression.ErrorMessageDisplayed -->
