<?xml version="1.0" encoding="UTF-8"?>
<!-- Generated by org.testng.reporters.JUnitReportReporter -->
<testsuite name="TestCases.Regression.SalesForce_AddressValidation" tests="1" time="49.095" ignored="15" failures="0" timestamp="20 May 2019 10:08:39 GMT" skipped="0" hostname="Av-Pn-Neha" errors="0">
  <testcase name="testCaseC1586475_AddressValidation_WithDisableAddressSettings_MyTestProjecteXAMPLEConfiguration" time="49.095" classname="TestCases.Regression.SalesForce_AddressValidation"/>
  <testcase name="TestCase72_AddressValidation_WithInvalidAddress_ACcs" classname="TestCases.Regression.SalesForce_AddressValidation">
    <skipped/>
  </testcase> <!-- TestCase72_AddressValidation_WithInvalidAddress_ACcs -->
  <testcase name="TestCase65_AddressValidation_WithDisableAddressSettings_MyTestProjecteXAMPLEConfiguration" classname="TestCases.Regression.SalesForce_AddressValidation">
    <skipped/>
  </testcase> <!-- TestCase65_AddressValidation_WithDisableAddressSettings_MyTestProjecteXAMPLEConfiguration -->
  <testcase name="TestCase67_AddressValidation_WithDisableAddressSettings_ACcs" classname="TestCases.Regression.SalesForce_AddressValidation">
    <skipped/>
  </testcase> <!-- TestCase67_AddressValidation_WithDisableAddressSettings_ACcs -->
  <testcase name="TestCase62_AddressValidation_ValidAddress_ACcs" classname="TestCases.Regression.SalesForce_AddressValidation">
    <skipped/>
  </testcase> <!-- TestCase62_AddressValidation_ValidAddress_ACcs -->
  <testcase name="TestCase69_AddressValidation_WithDisableAddressSettings_Orders" classname="TestCases.Regression.SalesForce_AddressValidation">
    <skipped/>
  </testcase> <!-- TestCase69_AddressValidation_WithDisableAddressSettings_Orders -->
  <testcase name="TestCase73_AddressValidation_WithInvalidAddress_Quotes" classname="TestCases.Regression.SalesForce_AddressValidation">
    <skipped/>
  </testcase> <!-- TestCase73_AddressValidation_WithInvalidAddress_Quotes -->
  <testcase name="TestCaseC1586477_AddressValidation_WithInvalidShippingAddress_MyTestProjecteXAMPLEConfiguration" classname="TestCases.Regression.SalesForce_AddressValidation">
    <skipped/>
  </testcase> <!-- TestCaseC1586477_AddressValidation_WithInvalidShippingAddress_MyTestProjecteXAMPLEConfiguration -->
  <testcase name="TestCase70_AddressValidation_WithInvalidAddress_MyTestProjecteXAMPLEConfiguration" classname="TestCases.Regression.SalesForce_AddressValidation">
    <skipped/>
  </testcase> <!-- TestCase70_AddressValidation_WithInvalidAddress_MyTestProjecteXAMPLEConfiguration -->
  <testcase name="TestCaseC1586478_AddressValidation_WithBlankShipFromAddress_MyTestProjecteXAMPLEConfiguration" classname="TestCases.Regression.SalesForce_AddressValidation">
    <skipped/>
  </testcase> <!-- TestCaseC1586478_AddressValidation_WithBlankShipFromAddress_MyTestProjecteXAMPLEConfiguration -->
  <testcase name="TestCase63_AddressValidation_ValidAddress_Quotes" classname="TestCases.Regression.SalesForce_AddressValidation">
    <skipped/>
  </testcase> <!-- TestCase63_AddressValidation_ValidAddress_Quotes -->
  <testcase name="testCaseC1586474_Addressvalidation_ValidShippingAddress_MyTestProjecteXAMPLEConfiguration" classname="TestCases.Regression.SalesForce_AddressValidation">
    <skipped/>
  </testcase> <!-- testCaseC1586474_Addressvalidation_ValidShippingAddress_MyTestProjecteXAMPLEConfiguration -->
  <testcase name="TestCase60_AddressValidation_ValidAddress_MyTestProjecteXAMPLEConfiguration" classname="TestCases.Regression.SalesForce_AddressValidation">
    <skipped/>
  </testcase> <!-- TestCase60_AddressValidation_ValidAddress_MyTestProjecteXAMPLEConfiguration -->
  <testcase name="TestCase64_AddressValidation_ValidAddress_Orders" classname="TestCases.Regression.SalesForce_AddressValidation">
    <skipped/>
  </testcase> <!-- TestCase64_AddressValidation_ValidAddress_Orders -->
  <testcase name="TestCase74_AddressValidation_WithInvalidAddress_Orders" classname="TestCases.Regression.SalesForce_AddressValidation">
    <skipped/>
  </testcase> <!-- TestCase74_AddressValidation_WithInvalidAddress_Orders -->
  <testcase name="TestCase68_AddressValidation_WithDisableAddressSettings_Quotes" classname="TestCases.Regression.SalesForce_AddressValidation">
    <skipped/>
  </testcase> <!-- TestCase68_AddressValidation_WithDisableAddressSettings_Quotes -->
</testsuite> <!-- TestCases.Regression.SalesForce_AddressValidation -->
