<?xml version="1.0" encoding="UTF-8"?>
<!-- Generated by org.testng.reporters.JUnitReportReporter -->
<testsuite skipped="0" hostname="AV-H8MY0V3" name="TestCases.FunctionalAndRegression.TaxCode" tests="2" failures="0" timestamp="2024-01-23T11:05:11 IST" time="508.189" errors="0">
  <testcase name="TestCase40_TaxcodeNT" time="224.528" classname="TestCases.FunctionalAndRegression.TaxCode"/>
  <system-out/>
  <testcase name="TestCase43_Line1_TC1_Line2_TCFR_MultipleLines" time="283.661" classname="TestCases.FunctionalAndRegression.TaxCode"/>
  <system-out/>
</testsuite> <!-- TestCases.FunctionalAndRegression.TaxCode -->
