<?xml version="1.0" encoding="UTF-8"?>
<!-- Generated by org.testng.reporters.JUnitReportReporter -->
<testsuite skipped="0" hostname="AV-H8MY0V3" name="TestCases.FunctionalAndRegression.VAT" tests="2" failures="0" timestamp="2024-02-23T16:51:26 IST" time="217.856" errors="0">
  <testcase name="TestCase115_Shipto_Germany_Shipfrom_GreatBrighton" time="116.724" classname="TestCases.FunctionalAndRegression.VAT"/>
  <system-out/>
  <testcase name="TestCase116_Shipto_France_Shipfrom_GreatBrighton" time="101.132" classname="TestCases.FunctionalAndRegression.VAT"/>
  <system-out/>
</testsuite> <!-- TestCases.FunctionalAndRegression.VAT -->
