<?xml version="1.0" encoding="UTF-8"?>
<!-- Generated by org.testng.reporters.JUnitReportReporter -->
<testsuite skipped="0" hostname="AV-H8MY0V3" name="TestCases.FunctionalAndRegression.ErrorMessageDisplayed" tests="3" failures="0" timestamp="2024-01-23T11:58:58 IST" time="536.648" errors="0">
  <testcase name="TestCase80_EnableTaxCalc_WithInvalidShipToAddressOpportunities" time="143.299" classname="TestCases.FunctionalAndRegression.ErrorMessageDisplayed"/>
  <system-out/>
  <testcase name="TestCase81_EnableTaxCalc_WithInvalidShipToAddressQuotes" time="178.987" classname="TestCases.FunctionalAndRegression.ErrorMessageDisplayed"/>
  <system-out/>
  <testcase name="TestCase82_EnableTaxCalc_WithInvalidShipToAddressOrders" time="214.362" classname="TestCases.FunctionalAndRegression.ErrorMessageDisplayed"/>
  <system-out/>
</testsuite> <!-- TestCases.FunctionalAndRegression.ErrorMessageDisplayed -->
