<?xml version="1.0" encoding="UTF-8"?>
<!-- Generated by org.testng.reporters.JUnitReportReporter -->
<testsuite hostname="AV-7NV8BC3" failures="0" tests="2" name="TestCases.Regression.TaxCode" time="489.696" errors="0" timestamp="2022-06-02T18:43:03 IST" skipped="0">
  <testcase classname="TestCases.Regression.TaxCode" name="TestCase40_TaxcodeNT" time="242.604"/>
  <system-out/>
  <testcase classname="TestCases.Regression.TaxCode" name="TestCase43_Line1_TC1_Line2_TCFR_MultipleLines" time="247.092"/>
  <system-out/>
</testsuite> <!-- TestCases.Regression.TaxCode -->
