<?xml version="1.0" encoding="UTF-8"?>
<!-- Generated by org.testng.reporters.JUnitReportReporter -->
<testsuite name="TestCases.Regression.SalesForce_Tax_Override" tests="9" time="820.749" ignored="0" failures="0" timestamp="06 May 2019 10:10:30 GMT" skipped="0" hostname="Av-Pn-Neha" errors="0">
  <testcase name="testCaseC1598164_TaxOverrideDisabledAtConfig_Opportunity" time="91.413" classname="TestCases.Regression.SalesForce_Tax_Override"/>
  <testcase name="testCaseC1600120_SalesTaxAmountOverride_Orders" time="70.579" classname="TestCases.Regression.SalesForce_Tax_Override"/>
  <testcase name="testCaseC1598160_SalesTaxAmountOverride_Opportunity" time="105.463" classname="TestCases.Regression.SalesForce_Tax_Override"/>
  <testcase name="testCaseC1599621_TaxOverrideDisabledAtConfig_Quotes" time="104.698" classname="TestCases.Regression.SalesForce_Tax_Override"/>
  <testcase name="testCaseC1598163_TaxOverrideDisabledAtLine_Opportunity" time="91.381" classname="TestCases.Regression.SalesForce_Tax_Override"/>
  <testcase name="testCaseC1599617_SalesTaxAmountOverride_Quotes" time="106.813" classname="TestCases.Regression.SalesForce_Tax_Override"/>
  <testcase name="testCaseC1599620_TaxOverrideDisabledAtLine_Quotes" time="109.695" classname="TestCases.Regression.SalesForce_Tax_Override"/>
  <testcase name="testCaseC1600153_TaxOverrideDisabledAtConfig_Orders" time="69.976" classname="TestCases.Regression.SalesForce_Tax_Override"/>
  <testcase name="testCaseC1600152_TaxOverrideDisabledAtLine_Orders" time="70.731" classname="TestCases.Regression.SalesForce_Tax_Override"/>
</testsuite> <!-- TestCases.Regression.SalesForce_Tax_Override -->
