<?xml version="1.0" encoding="UTF-8"?>
<!-- Generated by org.testng.reporters.JUnitReportReporter -->
<testsuite skipped="0" hostname="AV-H8MY0V3" name="TestCases.FunctionalAndRegression.TaxCalculation" tests="1" failures="0" timestamp="2024-01-26T05:42:04 IST" time="219.699" errors="0">
  <testcase name="TestCase6_EnableTaxCalc_ACc_WithMultiLine" time="219.699" classname="TestCases.FunctionalAndRegression.TaxCalculation"/>
  <system-out/>
</testsuite> <!-- TestCases.FunctionalAndRegression.TaxCalculation -->
