<?xml version="1.0" encoding="UTF-8"?>
<!-- Generated by org.testng.reporters.JUnitReportReporter -->
<testsuite skipped="0" hostname="AV-L7300-1024" name="TestCases.Regression.TaxCalc_LineLevelShipToAddress" tests="2" failures="0" timestamp="28 Sep 2021 18:22:55 GMT" time="274.223" errors="0">
  <testcase name="LineLevelShipToAddress_OpportunityToQuote" time="144.721" classname="TestCases.Regression.TaxCalc_LineLevelShipToAddress"/>
  <testcase name="OriginAddress_OpportunityToQuote" time="129.502" classname="TestCases.Regression.TaxCalc_LineLevelShipToAddress"/>
</testsuite> <!-- TestCases.Regression.TaxCalc_LineLevelShipToAddress -->
