<?xml version="1.0" encoding="UTF-8"?>
<!-- Generated by org.testng.reporters.JUnitReportReporter -->
<testsuite skipped="0" hostname="AV-H8MY0V3" name="TestCases.FunctionalAndRegression.MISC_Charges" tests="2" failures="0" timestamp="2024-01-22T12:59:41 IST" time="235.287" errors="0">
  <testcase name="TestCase100_Shipping_Charges" time="126.347" classname="TestCases.FunctionalAndRegression.MISC_Charges"/>
  <system-out/>
  <testcase name="TestCase101_Shipping_Handling_with_Freight_code" time="108.940" classname="TestCases.FunctionalAndRegression.MISC_Charges"/>
  <system-out/>
</testsuite> <!-- TestCases.FunctionalAndRegression.MISC_Charges -->
