<?xml version="1.0" encoding="UTF-8"?>
<!-- Generated by org.testng.reporters.JUnitReportReporter -->
<testsuite skipped="0" hostname="AV-H8MY0V3" name="TestCases.FunctionalAndRegression.ShippingAndHandling" tests="1" failures="0" timestamp="2024-01-22T18:34:58 IST" time="168.547" errors="0">
  <testcase name="ShippingAndHandling_Quote" time="168.547" classname="TestCases.FunctionalAndRegression.ShippingAndHandling"/>
  <system-out/>
</testsuite> <!-- TestCases.FunctionalAndRegression.ShippingAndHandling -->
