<?xml version="1.0" encoding="UTF-8"?>
<!-- Generated by org.testng.reporters.JUnitReportReporter -->
<testsuite skipped="0" hostname="AV-L7300-1024" name="TestCases.Regression.MISC_Charges" tests="2" failures="0" timestamp="28 Sep 2021 17:34:53 GMT" time="257.139" errors="0">
  <testcase name="TestCase100_Shipping_Charges" time="133.473" classname="TestCases.Regression.MISC_Charges"/>
  <testcase name="TestCase101_Shipping_Handling_with_Freight_code" time="123.666" classname="TestCases.Regression.MISC_Charges"/>
</testsuite> <!-- TestCases.Regression.MISC_Charges -->
