<?xml version="1.0" encoding="UTF-8"?>
<!-- Generated by org.testng.reporters.JUnitReportReporter -->
<testsuite skipped="0" hostname="AV-H8MY0V3" name="TestCases.FunctionalAndRegression.ExemptionNumber" tests="2" failures="0" timestamp="2024-01-22T21:10:49 IST" time="379.049" errors="0">
  <testcase name="TestCase112_Exemption_Number_TaxCalculation" time="196.648" classname="TestCases.FunctionalAndRegression.ExemptionNumber"/>
  <system-out/>
  <testcase name="TestCase113_Exemption_SpecialChar_TaxCalculation" time="182.401" classname="TestCases.FunctionalAndRegression.ExemptionNumber"/>
  <system-out/>
</testsuite> <!-- TestCases.FunctionalAndRegression.ExemptionNumber -->
