<?xml version="1.0" encoding="UTF-8"?>
<!-- Generated by org.testng.reporters.JUnitReportReporter -->
<testsuite skipped="0" hostname="AV-PN-NEHAP" name="TestCases.Regression.ExemptionUtility" tests="1" failures="0" timestamp="29 Sep 2021 17:02:23 GMT" time="86.177" errors="0">
  <testcase name="ExmeptionCertificate_ExpiredDateBeforeIssueDate" time="86.177" classname="TestCases.Regression.ExemptionUtility"/>
</testsuite> <!-- TestCases.Regression.ExemptionUtility -->
