<?xml version="1.0" encoding="UTF-8"?>
<!-- Generated by org.testng.reporters.JUnitReportReporter -->
<testsuite skipped="0" hostname="AV-H8MY0V3" name="TestCases.FunctionalAndRegression.AutomaticTaxCalculate" tests="12" failures="0" timestamp="2024-01-23T19:43:12 IST" time="1598.975" errors="0">
  <testcase name="AutomaticTaxCalculation_SalesOrder_Opportunities" time="135.255" classname="TestCases.FunctionalAndRegression.AutomaticTaxCalculate"/>
  <system-out/>
  <testcase name="AutomaticTaxCalculation_SalesOrder_Quotes" time="102.543" classname="TestCases.FunctionalAndRegression.AutomaticTaxCalculate"/>
  <system-out/>
  <testcase name="AutomaticTaxCalculation_SalesOrder_Orders" time="62.094" classname="TestCases.FunctionalAndRegression.AutomaticTaxCalculate"/>
  <system-out/>
  <testcase name="AutomaticTaxCalculation_Uncommit_Orders" time="62.372" classname="TestCases.FunctionalAndRegression.AutomaticTaxCalculate"/>
  <system-out/>
  <testcase name="AutomaticTaxCalculation_Commit_Orders" time="62.472" classname="TestCases.FunctionalAndRegression.AutomaticTaxCalculate"/>
  <system-out/>
  <testcase name="AutomaticTaxCalculation_DisableTaxCalcSettings_Opportunities" time="149.479" classname="TestCases.FunctionalAndRegression.AutomaticTaxCalculate"/>
  <system-out/>
  <testcase name="AutomaticTaxCalculation_DisableTaxCalcSettings_Quotes" time="156.100" classname="TestCases.FunctionalAndRegression.AutomaticTaxCalculate"/>
  <system-out/>
  <testcase name="AutomaticTaxCalculation_DisableTaxCalcSettings_Orders" time="120.764" classname="TestCases.FunctionalAndRegression.AutomaticTaxCalculate"/>
  <system-out/>
  <testcase name="AutomaticTaxCalculation_OnInvalidAddress_Opportunities" time="160.481" classname="TestCases.FunctionalAndRegression.AutomaticTaxCalculate"/>
  <system-out/>
  <testcase name="AutomaticTaxCalculation_OnInvalidAddress_Quotes" time="144.514" classname="TestCases.FunctionalAndRegression.AutomaticTaxCalculate"/>
  <system-out/>
  <testcase name="AutomaticTaxCalculation_OnInvalidAddress_Orders" time="219.059" classname="TestCases.FunctionalAndRegression.AutomaticTaxCalculate"/>
  <system-out/>
  <testcase name="AutomaticTaxCalculation_Commit_Orders_SaveTrasaction_Off" time="223.842" classname="TestCases.FunctionalAndRegression.AutomaticTaxCalculate"/>
  <system-out/>
</testsuite> <!-- TestCases.FunctionalAndRegression.AutomaticTaxCalculate -->
