<?xml version="1.0" encoding="UTF-8"?>
<!-- Generated by org.testng.reporters.JUnitReportReporter -->
<testsuite hostname="AV-7NV8BC3" failures="0" tests="12" name="TestCases.Regression.AutomaticTaxCalculate" time="1570.886" errors="0" timestamp="2022-06-10T18:41:51 IST" skipped="0">
  <testcase classname="TestCases.Regression.AutomaticTaxCalculate" name="AutomaticTaxCalculation_SalesOrder_Opportunities" time="138.967"/>
  <system-out/>
  <testcase classname="TestCases.Regression.AutomaticTaxCalculate" name="AutomaticTaxCalculation_SalesOrder_Quotes" time="99.418"/>
  <system-out/>
  <testcase classname="TestCases.Regression.AutomaticTaxCalculate" name="AutomaticTaxCalculation_SalesOrder_Orders" time="63.355"/>
  <system-out/>
  <testcase classname="TestCases.Regression.AutomaticTaxCalculate" name="AutomaticTaxCalculation_Uncommit_Orders" time="60.827"/>
  <system-out/>
  <testcase classname="TestCases.Regression.AutomaticTaxCalculate" name="AutomaticTaxCalculation_Commit_Orders" time="61.506"/>
  <system-out/>
  <testcase classname="TestCases.Regression.AutomaticTaxCalculate" name="AutomaticTaxCalculation_DisableTaxCalcSettings_Opportunities" time="114.920"/>
  <system-out/>
  <testcase classname="TestCases.Regression.AutomaticTaxCalculate" name="AutomaticTaxCalculation_DisableTaxCalcSettings_Quotes" time="171.477"/>
  <system-out/>
  <testcase classname="TestCases.Regression.AutomaticTaxCalculate" name="AutomaticTaxCalculation_DisableTaxCalcSettings_Orders" time="114.137"/>
  <system-out/>
  <testcase classname="TestCases.Regression.AutomaticTaxCalculate" name="AutomaticTaxCalculation_OnInvalidAddress_Opportunities" time="168.617"/>
  <system-out/>
  <testcase classname="TestCases.Regression.AutomaticTaxCalculate" name="AutomaticTaxCalculation_OnInvalidAddress_Quotes" time="141.238"/>
  <system-out/>
  <testcase classname="TestCases.Regression.AutomaticTaxCalculate" name="AutomaticTaxCalculation_OnInvalidAddress_Orders" time="216.284"/>
  <system-out/>
  <testcase classname="TestCases.Regression.AutomaticTaxCalculate" name="AutomaticTaxCalculation_Commit_Orders_SaveTrasaction_Off" time="220.140"/>
  <system-out/>
</testsuite> <!-- TestCases.Regression.AutomaticTaxCalculate -->
