<?xml version="1.0" encoding="UTF-8"?>
<!-- Generated by org.testng.reporters.JUnitReportReporter -->
<testsuite skipped="0" hostname="AV-H8MY0V3" name="TestCases.FunctionalAndRegression.CrossBorder" tests="1" failures="0" timestamp="2024-03-14T21:56:32 IST" time="204.299" errors="0">
  <testcase name="TestCase190_UStoCANCustomDutyCalculated_DeminimusThresholdMet_IORYes_HSCode" time="204.299" classname="TestCases.FunctionalAndRegression.CrossBorder"/>
  <system-out/>
</testsuite> <!-- TestCases.FunctionalAndRegression.CrossBorder -->
