<?xml version="1.0" encoding="UTF-8"?>
<!-- Generated by org.testng.reporters.JUnitReportReporter -->
<testsuite skipped="0" hostname="AV-H8MY0V3" name="TestCases.FunctionalAndRegression.EntityUseCode" tests="2" failures="0" timestamp="2024-01-24T01:40:51 IST" time="157.750" errors="0">
  <testcase name="testCaseC1593297_EntityUseCode_UpdatedOnOrderTransaction" time="102.807" classname="TestCases.FunctionalAndRegression.EntityUseCode"/>
  <system-out/>
  <testcase name="testCaseC1593298_EntityUseCode_RemoveFromOrderTransaction" time="54.943" classname="TestCases.FunctionalAndRegression.EntityUseCode"/>
  <system-out/>
</testsuite> <!-- TestCases.FunctionalAndRegression.EntityUseCode -->
