<?xml version="1.0" encoding="UTF-8"?>
<!-- Generated by org.testng.reporters.JUnitReportReporter -->
<testsuite skipped="0" hostname="AV-H8MY0V3" name="TestCases.FunctionalAndRegression.AddressValidation" tests="2" failures="0" timestamp="2024-01-24T02:42:28 IST" time="243.484" errors="0">
  <testcase name="testCaseC1847050_LineLevelAddressVal_DontUpdateValidatedAddress_Quotes" time="133.223" classname="TestCases.FunctionalAndRegression.AddressValidation"/>
  <system-out/>
  <testcase name="testCaseC1847056_LineLevelAddressVal_DontUpdateValidatedAddress_Order" time="110.261" classname="TestCases.FunctionalAndRegression.AddressValidation"/>
  <system-out/>
</testsuite> <!-- TestCases.FunctionalAndRegression.AddressValidation -->
