<?xml version="1.0" encoding="UTF-8"?>
<!-- Generated by org.testng.reporters.JUnitReportReporter -->
<testsuite hostname="AV-7NV8BC3" failures="0" tests="4" name="TestCases.Regression.ThirdPartyAddressValidation" time="714.461" errors="0" timestamp="2022-06-13T16:09:33 IST" skipped="0">
  <testcase classname="TestCases.Regression.ThirdPartyAddressValidation" name="TestCase162_USAddressValidated" time="172.747"/>
  <system-out/>
  <testcase classname="TestCases.Regression.ThirdPartyAddressValidation" name="TestCase163_CANAddressValidated" time="163.353"/>
  <system-out/>
  <testcase classname="TestCases.Regression.ThirdPartyAddressValidation" name="TestCase164_MilitaryAddressValidated" time="165.763"/>
  <system-out/>
  <testcase classname="TestCases.Regression.ThirdPartyAddressValidation" name="TestCase165_NonUS_NonCANAddress" time="212.598"/>
  <system-out/>
</testsuite> <!-- TestCases.Regression.ThirdPartyAddressValidation -->
