<?xml version="1.0" encoding="UTF-8"?>
<!-- Generated by org.testng.reporters.JUnitReportReporter -->
<testsuite name="TestCases.Regression.SalesForce_VAT" tests="5" time="656.652" ignored="2" failures="0" timestamp="22 May 2019 13:29:15 GMT" skipped="0" hostname="Av-Pn-Neha" errors="0">
  <testcase name="TestCase119_Shipto_US_Shipfrom_US" time="130.299" classname="TestCases.Regression.SalesForce_VAT"/>
  <testcase name="TestCase120_Shipto_AUS_Shipfrom_GreatBrighton" time="126.658" classname="TestCases.Regression.SalesForce_VAT"/>
  <testcase name="TestCase121_Shipto_GreatBrighton_Shipfrom_AUS" time="130.054" classname="TestCases.Regression.SalesForce_VAT"/>
  <testcase name="TestCase117_Shipto_US_Shipfrom_GreatBrighton" time="142.305" classname="TestCases.Regression.SalesForce_VAT"/>
  <testcase name="TestCase118_Shipto_GreatBrighton_Shipfrom_US" time="127.336" classname="TestCases.Regression.SalesForce_VAT"/>
  <testcase name="TestCase115_Shipto_Germany_Shipfrom_GreatBrighton" classname="TestCases.Regression.SalesForce_VAT">
    <skipped/>
  </testcase> <!-- TestCase115_Shipto_Germany_Shipfrom_GreatBrighton -->
  <testcase name="TestCase116_Shipto_France_Shipfrom_GreatBrighton" classname="TestCases.Regression.SalesForce_VAT">
    <skipped/>
  </testcase> <!-- TestCase116_Shipto_France_Shipfrom_GreatBrighton -->
</testsuite> <!-- TestCases.Regression.SalesForce_VAT -->
