<?xml version="1.0" encoding="UTF-8"?>
<!-- Generated by org.testng.reporters.JUnitReportReporter -->
<testsuite skipped="0" hostname="AV-PN-NEHAP" name="TestCases.Regression.AddressValidation" tests="1" failures="0" timestamp="15 Jan 2021 11:34:26 GMT" time="56.650" errors="0">
  <testcase name="testCaseC1586474_C1586476_Addressvalidation_ValidShippingAddress_MyTestProjecteXAMPLEConfiguration" time="56.650" classname="TestCases.Regression.AddressValidation"/>
</testsuite> <!-- TestCases.Regression.AddressValidation -->
