<?xml version="1.0" encoding="UTF-8"?>
<!-- Generated by org.testng.reporters.JUnitReportReporter -->
<testsuite name="TestCases.Regression.SalesForce_TaxCalculation_WorkFlowRules" tests="5" time="813.089" ignored="0" failures="0" timestamp="11 Dec 2018 08:54:52 GMT" skipped="0" hostname="Av-Pn-Neha" errors="0">
  <testcase name="fTaxCalculation_WorkflowRules_TransactionStatus_Uncommit" time="126.073" classname="TestCases.Regression.SalesForce_TaxCalculation_WorkFlowRules"/>
  <testcase name="fTaxCalculation_WorkflowRules_SetFieldAs_False_Opportunities" time="326.347" classname="TestCases.Regression.SalesForce_TaxCalculation_WorkFlowRules"/>
  <testcase name="fTaxCalculation_WorkflowRules_DisabletaxCalculation" time="116.941" classname="TestCases.Regression.SalesForce_TaxCalculation_WorkFlowRules"/>
  <testcase name="fTaxCalculation_WorkflowRules_TranactionStatus_SalesOrder" time="128.657" classname="TestCases.Regression.SalesForce_TaxCalculation_WorkFlowRules"/>
  <testcase name="fTaxCalculation_WorkflowRules_InvalidShippingAddress" time="115.071" classname="TestCases.Regression.SalesForce_TaxCalculation_WorkFlowRules"/>
</testsuite> <!-- TestCases.Regression.SalesForce_TaxCalculation_WorkFlowRules -->
