<?xml version="1.0" encoding="UTF-8"?>
<!-- Generated by org.testng.reporters.JUnitReportReporter -->
<testsuite name="TestCases.Regression.SalesForce_UPC_Code" tests="3" time="396.539" ignored="0" failures="0" timestamp="22 May 2019 07:29:54 GMT" skipped="0" hostname="Av-Pn-Neha" errors="0">
  <testcase name="TestCase49_MappedUPCCode_GreaterThan_50Char" time="128.670" classname="TestCases.Regression.SalesForce_UPC_Code"/>
  <testcase name="TestCase46_InvalidUPCcode_TaxcodeSettingDisabled" time="127.456" classname="TestCases.Regression.SalesForce_UPC_Code"/>
  <testcase name="TestCase45_ValidUPCcode_2036302_TaxcodeSettingDisabled" time="140.413" classname="TestCases.Regression.SalesForce_UPC_Code"/>
</testsuite> <!-- TestCases.Regression.SalesForce_UPC_Code -->
