<?xml version="1.0" encoding="UTF-8"?>
<!-- Generated by org.testng.reporters.JUnitReportReporter -->
<testsuite name="TestCases.Regression.SalesForce_CreateTriggerForTaxCalc_Prerequisites" tests="1" time="33.124" ignored="0" failures="0" timestamp="25 Apr 2018 05:22:06 GMT" skipped="0" hostname="Av-Pn-Neha" errors="0">
  <testcase name="taxCalcThroughTrigger_SalesOrder" time="33.124" classname="TestCases.Regression.SalesForce_CreateTriggerForTaxCalc_Prerequisites"/>
</testsuite> <!-- TestCases.Regression.SalesForce_CreateTriggerForTaxCalc_Prerequisites -->
