<?xml version="1.0" encoding="UTF-8"?>
<!-- Generated by org.testng.reporters.JUnitReportReporter -->
<testsuite skipped="0" hostname="AV-PN-NEHAP" name="TestCases.Regression.ExemptionNumber" tests="2" failures="0" timestamp="08 Jan 2021 07:02:41 GMT" time="328.812" errors="0">
  <testcase name="TestCase112_Exemption_Number_TaxCalculation" time="164.562" classname="TestCases.Regression.ExemptionNumber"/>
  <testcase name="TestCase113_Exemption_SpecialChar_TaxCalculation" time="164.250" classname="TestCases.Regression.ExemptionNumber"/>
</testsuite> <!-- TestCases.Regression.ExemptionNumber -->
