<?xml version="1.0" encoding="UTF-8"?>
<!-- Generated by org.testng.reporters.JUnitReportReporter -->
<testsuite name="TestCases.Regression.SalesForce_ExemptionNumber" tests="2" time="420.834" ignored="1" failures="0" timestamp="27 Dec 2018 06:31:36 GMT" skipped="0" hostname="AV-PN-AJAYK" errors="0">
  <testcase name="TestCase112_Exemption_Number_TaxCalculation" time="167.573" classname="TestCases.Regression.SalesForce_ExemptionNumber"/>
  <testcase name="TestCase113_Exemption_SpecialChar_TaxCalculation" time="253.261" classname="TestCases.Regression.SalesForce_ExemptionNumber"/>
  <testcase name="Exemption_NonTaxableCheckboxChecked" classname="TestCases.Regression.SalesForce_ExemptionNumber">
    <skipped/>
  </testcase> <!-- Exemption_NonTaxableCheckboxChecked -->
</testsuite> <!-- TestCases.Regression.SalesForce_ExemptionNumber -->
