<?xml version="1.0" encoding="UTF-8"?>
<!-- Generated by org.testng.reporters.JUnitReportReporter -->
<testsuite name="TestCases.Regression.SalesForce_CreateWorkflowForTaxCalc_Prerequisites" tests="1" time="65.303" ignored="0" failures="0" timestamp="11 Dec 2018 08:37:28 GMT" skipped="0" hostname="Av-Pn-Neha" errors="0">
  <testcase name="fCreateWorkFlow_Opportunities_Quotes_Orders" time="65.303" classname="TestCases.Regression.SalesForce_CreateWorkflowForTaxCalc_Prerequisites"/>
</testsuite> <!-- TestCases.Regression.SalesForce_CreateWorkflowForTaxCalc_Prerequisites -->
