<?xml version="1.0" encoding="UTF-8"?>
<!-- Generated by org.testng.reporters.JUnitReportReporter -->
<testsuite skipped="0" hostname="AV-PN-NEHAP" name="TestCases.Regression.TaxCalculation" tests="1" failures="0" timestamp="15 Jan 2021 11:40:46 GMT" time="195.793" errors="0">
  <testcase name="TestCase1_EnableTaxCalc_ACc_PrimaryShipToAddressUncommit" time="195.793" classname="TestCases.Regression.TaxCalculation"/>
</testsuite> <!-- TestCases.Regression.TaxCalculation -->
